<?xml version="1.0" encoding="UTF-8"?>
<coverage generated="1666884959470" clover="3.2.0">
  <project timestamp="1666884959471" name="All files">
    <metrics statements="26" coveredstatements="26" conditionals="12" coveredconditionals="12" methods="2" coveredmethods="2" elements="40" coveredelements="40" complexity="0" loc="26" ncloc="26" packages="1" files="1" classes="1"/>
    <file name="fizzbuzz.ts" path="D:\Dumbways\Docs\Test\PT Knitto\fizzbuzz-typescript\fizzbuzz.ts">
      <metrics statements="26" coveredstatements="26" conditionals="12" coveredconditionals="12" methods="2" coveredmethods="2"/>
      <line num="1" count="37" type="cond" truecount="1" falsecount="0"/>
      <line num="2" count="37" type="cond" truecount="1" falsecount="0"/>
      <line num="3" count="1" type="stmt"/>
      <line num="4" count="1" type="stmt"/>
      <line num="5" count="37" type="cond" truecount="3" falsecount="0"/>
      <line num="6" count="3" type="stmt"/>
      <line num="7" count="3" type="stmt"/>
      <line num="8" count="37" type="cond" truecount="2" falsecount="0"/>
      <line num="9" count="10" type="stmt"/>
      <line num="10" count="10" type="stmt"/>
      <line num="11" count="37" type="cond" truecount="2" falsecount="0"/>
      <line num="12" count="6" type="stmt"/>
      <line num="13" count="6" type="stmt"/>
      <line num="14" count="17" type="cond" truecount="1" falsecount="0"/>
      <line num="15" count="17" type="stmt"/>
      <line num="16" count="17" type="stmt"/>
      <line num="17" count="1" type="stmt"/>
      <line num="18" count="1" type="cond" truecount="1" falsecount="0"/>
      <line num="19" count="1" type="cond" truecount="1" falsecount="0"/>
      <line num="20" count="31" type="stmt"/>
      <line num="21" count="31" type="stmt"/>
      <line num="22" count="1" type="stmt"/>
      <line num="23" count="1" type="stmt"/>
      <line num="24" count="1" type="stmt"/>
      <line num="25" count="1" type="stmt"/>
      <line num="26" count="1" type="stmt"/>
    </file>
  </project>
</coverage>
