TN:
SF:fizzbuzz.ts
FN:1,fizzbuzz
FN:18,runFizzbuzz
FNF:2
FNH:2
FNDA:37,fizzbuzz
FNDA:1,runFizzbuzz
DA:1,37
DA:2,37
DA:3,1
DA:4,1
DA:5,37
DA:6,3
DA:7,3
DA:8,37
DA:9,10
DA:10,10
DA:11,37
DA:12,6
DA:13,6
DA:14,17
DA:15,17
DA:16,17
DA:17,1
DA:18,1
DA:19,1
DA:20,31
DA:21,31
DA:22,1
DA:23,1
DA:24,1
DA:25,1
DA:26,1
LF:26
LH:26
BRDA:1,0,0,37
BRDA:2,1,0,1
BRDA:5,2,0,36
BRDA:5,3,0,13
BRDA:5,4,0,3
BRDA:8,5,0,33
BRDA:8,6,0,10
BRDA:11,7,0,23
BRDA:11,8,0,6
BRDA:14,9,0,17
BRDA:18,10,0,1
BRDA:19,11,0,31
BRF:12
BRH:12
end_of_record
